# Logfile created on 2014-01-14 13:44:44 -0500 by logger.rb/31641
I, [2014-01-14T13:44:44.778751 #20958]  INFO -- : 0:  rake (10.1.0) from /home/adminuser/.rvm/gems/ruby-1.9.3-p484@rag3/specifications/rake-10.1.0.gemspec
I, [2014-01-14T13:44:45.258189 #20958]  INFO -- : 0:  i18n (0.6.5) from /home/adminuser/.rvm/gems/ruby-1.9.3-p484@rag3/specifications/i18n-0.6.5.gemspec
I, [2014-01-14T13:44:45.873710 #20958]  INFO -- : 0:  multi_json (1.8.1) from /home/adminuser/.rvm/gems/ruby-1.9.3-p484@rag3/specifications/multi_json-1.8.1.gemspec
I, [2014-01-14T13:44:47.529001 #20958]  INFO -- : 0:  activesupport (3.2.14) from /home/adminuser/.rvm/gems/ruby-1.9.3-p484@rag3/specifications/activesupport-3.2.14.gemspec
I, [2014-01-14T13:44:47.836102 #20958]  INFO -- : 0:  builder (3.0.4) from /home/adminuser/.rvm/gems/ruby-1.9.3-p484@rag3/specifications/builder-3.0.4.gemspec
I, [2014-01-14T13:44:48.190304 #20958]  INFO -- : 0:  activemodel (3.2.14) from /home/adminuser/.rvm/gems/ruby-1.9.3-p484@rag3/specifications/activemodel-3.2.14.gemspec
I, [2014-01-14T13:44:48.190853 #20958]  INFO -- : 0:  erubis (2.7.0) from /home/adminuser/.rvm/gems/ruby-1.9.3-p484@rag3/specifications/erubis-2.7.0.gemspec
I, [2014-01-14T13:44:48.811033 #20958]  INFO -- : 0:  journey (1.0.4) from /home/adminuser/.rvm/gems/ruby-1.9.3-p484@rag3/specifications/journey-1.0.4.gemspec
I, [2014-01-14T13:44:49.469721 #20958]  INFO -- : 0:  rack (1.4.5) from /home/adminuser/.rvm/gems/ruby-1.9.3-p484@rag3/specifications/rack-1.4.5.gemspec
I, [2014-01-14T13:44:50.023233 #20958]  INFO -- : 0:  rack-cache (1.2) from /home/adminuser/.rvm/gems/ruby-1.9.3-p484@rag3/specifications/rack-cache-1.2.gemspec
I, [2014-01-14T13:44:50.514214 #20958]  INFO -- : 0:  rack-test (0.6.2) from /home/adminuser/.rvm/gems/ruby-1.9.3-p484@rag3/specifications/rack-test-0.6.2.gemspec
I, [2014-01-14T13:44:51.018791 #20958]  INFO -- : 0:  hike (1.2.3) from /home/adminuser/.rvm/gems/ruby-1.9.3-p484@rag3/specifications/hike-1.2.3.gemspec
I, [2014-01-14T13:44:51.401633 #20958]  INFO -- : 0:  tilt (1.4.1) from /home/adminuser/.rvm/gems/ruby-1.9.3-p484@rag3/specifications/tilt-1.4.1.gemspec
I, [2014-01-14T13:44:51.696350 #20958]  INFO -- : 0:  sprockets (2.2.2) from /home/adminuser/.rvm/gems/ruby-1.9.3-p484@rag3/specifications/sprockets-2.2.2.gemspec
I, [2014-01-14T13:44:52.509083 #20958]  INFO -- : 0:  actionpack (3.2.14) from /home/adminuser/.rvm/gems/ruby-1.9.3-p484@rag3/specifications/actionpack-3.2.14.gemspec
I, [2014-01-14T13:44:52.874891 #20958]  INFO -- : 0:  mime-types (1.25) from /home/adminuser/.rvm/gems/ruby-1.9.3-p484@rag3/specifications/mime-types-1.25.gemspec
I, [2014-01-14T13:44:53.114228 #20958]  INFO -- : 0:  polyglot (0.3.3) from /home/adminuser/.rvm/gems/ruby-1.9.3-p484@rag3/specifications/polyglot-0.3.3.gemspec
I, [2014-01-14T13:44:53.611281 #20958]  INFO -- : 0:  treetop (1.4.15) from /home/adminuser/.rvm/gems/ruby-1.9.3-p484@rag3/specifications/treetop-1.4.15.gemspec
I, [2014-01-14T13:44:55.130503 #20958]  INFO -- : 0:  mail (2.5.4) from /home/adminuser/.rvm/gems/ruby-1.9.3-p484@rag3/specifications/mail-2.5.4.gemspec
I, [2014-01-14T13:44:55.490718 #20958]  INFO -- : 0:  actionmailer (3.2.14) from /home/adminuser/.rvm/gems/ruby-1.9.3-p484@rag3/specifications/actionmailer-3.2.14.gemspec
I, [2014-01-14T13:44:56.283940 #20958]  INFO -- : 0:  arel (3.0.2) from /home/adminuser/.rvm/gems/ruby-1.9.3-p484@rag3/specifications/arel-3.0.2.gemspec
I, [2014-01-14T13:44:58.198293 #20958]  INFO -- : 0:  tzinfo (0.3.37) from /home/adminuser/.rvm/gems/ruby-1.9.3-p484@rag3/specifications/tzinfo-0.3.37.gemspec
I, [2014-01-14T13:44:59.670409 #20958]  INFO -- : 0:  activerecord (3.2.14) from /home/adminuser/.rvm/gems/ruby-1.9.3-p484@rag3/specifications/activerecord-3.2.14.gemspec
I, [2014-01-14T13:45:00.031717 #20958]  INFO -- : 0:  activeresource (3.2.14) from /home/adminuser/.rvm/gems/ruby-1.9.3-p484@rag3/specifications/activeresource-3.2.14.gemspec
I, [2014-01-14T13:45:00.032154 #20958]  INFO -- : 0:  addressable (2.3.5) from /home/adminuser/.rvm/gems/ruby-1.9.3-p484@rag3/specifications/addressable-2.3.5.gemspec
I, [2014-01-14T13:45:00.523742 #20958]  INFO -- : 0:  archive-tar-minitar (0.5.2) from /home/adminuser/.rvm/gems/ruby-1.9.3-p484@rag3/specifications/archive-tar-minitar-0.5.2.gemspec
I, [2014-01-14T13:45:00.977586 #20958]  INFO -- : 0:  mini_portile (0.5.1) from /home/adminuser/.rvm/gems/ruby-1.9.3-p484@rag3/specifications/mini_portile-0.5.1.gemspec
I, [2014-01-14T13:46:33.808526 #20958]  INFO -- : 0:  nokogiri (1.6.0) from /home/adminuser/.rvm/gems/ruby-1.9.3-p484@rag3/specifications/nokogiri-1.6.0.gemspec
I, [2014-01-14T13:46:34.267204 #20958]  INFO -- : 0:  xpath (2.0.0) from /home/adminuser/.rvm/gems/ruby-1.9.3-p484@rag3/specifications/xpath-2.0.0.gemspec
I, [2014-01-14T13:46:34.824395 #20958]  INFO -- : 0:  capybara (2.1.0) from /home/adminuser/.rvm/gems/ruby-1.9.3-p484@rag3/specifications/capybara-2.1.0.gemspec
I, [2014-01-14T13:46:35.213250 #20958]  INFO -- : 0:  coffee-script-source (1.6.3) from /home/adminuser/.rvm/gems/ruby-1.9.3-p484@rag3/specifications/coffee-script-source-1.6.3.gemspec
I, [2014-01-14T13:46:35.508462 #20958]  INFO -- : 0:  execjs (2.0.2) from /home/adminuser/.rvm/gems/ruby-1.9.3-p484@rag3/specifications/execjs-2.0.2.gemspec
I, [2014-01-14T13:46:35.744007 #20958]  INFO -- : 0:  coffee-script (2.2.0) from /home/adminuser/.rvm/gems/ruby-1.9.3-p484@rag3/specifications/coffee-script-2.2.0.gemspec
I, [2014-01-14T13:46:36.085581 #20958]  INFO -- : 0:  rack-ssl (1.3.3) from /home/adminuser/.rvm/gems/ruby-1.9.3-p484@rag3/specifications/rack-ssl-1.3.3.gemspec
I, [2014-01-14T13:46:37.407477 #20958]  INFO -- : 0:  json (1.8.0) from /home/adminuser/.rvm/gems/ruby-1.9.3-p484@rag3/specifications/json-1.8.0.gemspec
I, [2014-01-14T13:46:38.196729 #20958]  INFO -- : 0:  rdoc (3.12.2) from /home/adminuser/.rvm/gems/ruby-1.9.3-p484@rag3/specifications/rdoc-3.12.2.gemspec
I, [2014-01-14T13:46:39.179318 #20958]  INFO -- : 0:  thor (0.18.1) from /home/adminuser/.rvm/gems/ruby-1.9.3-p484@rag3/specifications/thor-0.18.1.gemspec
I, [2014-01-14T13:46:40.966861 #20958]  INFO -- : 0:  railties (3.2.14) from /home/adminuser/.rvm/gems/ruby-1.9.3-p484@rag3/specifications/railties-3.2.14.gemspec
I, [2014-01-14T13:46:41.227205 #20958]  INFO -- : 0:  coffee-rails (3.2.2) from /home/adminuser/.rvm/gems/ruby-1.9.3-p484@rag3/specifications/coffee-rails-3.2.2.gemspec
I, [2014-01-14T13:46:41.227621 #20958]  INFO -- : 0:  columnize (0.3.6) from /home/adminuser/.rvm/gems/ruby-1.9.3-p484@rag3/specifications/columnize-0.3.6.gemspec
I, [2014-01-14T13:46:41.648795 #20958]  INFO -- : 0:  diff-lcs (1.2.4) from /home/adminuser/.rvm/gems/ruby-1.9.3-p484@rag3/specifications/diff-lcs-1.2.4.gemspec
I, [2014-01-14T13:47:00.796221 #20958]  INFO -- : 0:  gherkin (2.12.1) from /home/adminuser/.rvm/gems/ruby-1.9.3-p484@rag3/specifications/gherkin-2.12.1.gemspec
I, [2014-01-14T13:47:01.031100 #20958]  INFO -- : 0:  multi_test (0.0.2) from /home/adminuser/.rvm/gems/ruby-1.9.3-p484@rag3/specifications/multi_test-0.0.2.gemspec
I, [2014-01-14T13:47:02.722470 #20958]  INFO -- : 0:  cucumber (1.3.8) from /home/adminuser/.rvm/gems/ruby-1.9.3-p484@rag3/specifications/cucumber-1.3.8.gemspec
I, [2014-01-14T13:47:02.722907 #20958]  INFO -- : 0:  bundler (1.5.1) from /home/adminuser/.rvm/gems/ruby-1.9.3-p484@global/specifications/bundler-1.5.1.gemspec
I, [2014-01-14T13:47:02.962472 #20958]  INFO -- : 0:  rails (3.2.14) from /home/adminuser/.rvm/gems/ruby-1.9.3-p484@rag3/specifications/rails-3.2.14.gemspec
I, [2014-01-14T13:47:03.798505 #20958]  INFO -- : 0:  cucumber-rails (1.4.0) from /home/adminuser/.rvm/gems/ruby-1.9.3-p484@rag3/specifications/cucumber-rails-1.4.0.gemspec
I, [2014-01-14T13:47:04.070339 #20958]  INFO -- : 0:  cucumber-rails-training-wheels (1.0.0) from /home/adminuser/.rvm/gems/ruby-1.9.3-p484@rag3/specifications/cucumber-rails-training-wheels-1.0.0.gemspec
I, [2014-01-14T13:47:04.494338 #20958]  INFO -- : 0:  database_cleaner (1.1.1) from /home/adminuser/.rvm/gems/ruby-1.9.3-p484@rag3/specifications/database_cleaner-1.1.1.gemspec
I, [2014-01-14T13:47:05.582265 #20958]  INFO -- : 0:  haml (4.0.3) from /home/adminuser/.rvm/gems/ruby-1.9.3-p484@rag3/specifications/haml-4.0.3.gemspec
I, [2014-01-14T13:47:06.080521 #20958]  INFO -- : 0:  jquery-rails (3.0.4) from /home/adminuser/.rvm/gems/ruby-1.9.3-p484@rag3/specifications/jquery-rails-3.0.4.gemspec
I, [2014-01-14T13:47:06.390876 #20958]  INFO -- : 0:  launchy (2.3.0) from /home/adminuser/.rvm/gems/ruby-1.9.3-p484@rag3/specifications/launchy-2.3.0.gemspec
I, [2014-01-14T13:47:08.666218 #20958]  INFO -- : 0:  libv8 (3.16.14.3) from /home/adminuser/.rvm/gems/ruby-1.9.3-p484@rag3/specifications/libv8-3.16.14.3-x86_64-linux.gemspec
I, [2014-01-14T13:47:09.148457 #20958]  INFO -- : 0:  ruby_core_source (0.1.5) from /home/adminuser/.rvm/gems/ruby-1.9.3-p484@rag3/specifications/ruby_core_source-0.1.5.gemspec
I, [2014-01-14T13:47:09.764132 #20958]  INFO -- : 0:  linecache19 (0.5.12) from /home/adminuser/.rvm/gems/ruby-1.9.3-p484@rag3/specifications/linecache19-0.5.12.gemspec
I, [2014-01-14T13:47:10.373232 #20958]  INFO -- : 0:  ref (1.0.5) from /home/adminuser/.rvm/gems/ruby-1.9.3-p484@rag3/specifications/ref-1.0.5.gemspec
I, [2014-01-14T13:47:11.029596 #20958]  INFO -- : 0:  rspec-core (2.14.5) from /home/adminuser/.rvm/gems/ruby-1.9.3-p484@rag3/specifications/rspec-core-2.14.5.gemspec
I, [2014-01-14T13:47:11.743686 #20958]  INFO -- : 0:  rspec-expectations (2.14.3) from /home/adminuser/.rvm/gems/ruby-1.9.3-p484@rag3/specifications/rspec-expectations-2.14.3.gemspec
I, [2014-01-14T13:47:12.230246 #20958]  INFO -- : 0:  rspec-mocks (2.14.3) from /home/adminuser/.rvm/gems/ruby-1.9.3-p484@rag3/specifications/rspec-mocks-2.14.3.gemspec
I, [2014-01-14T13:47:12.736571 #20958]  INFO -- : 0:  rspec-rails (2.14.0) from /home/adminuser/.rvm/gems/ruby-1.9.3-p484@rag3/specifications/rspec-rails-2.14.0.gemspec
I, [2014-01-14T13:47:14.543806 #20958]  INFO -- : 0:  ruby-debug-base19 (0.11.25) from /home/adminuser/.rvm/gems/ruby-1.9.3-p484@rag3/specifications/ruby-debug-base19-0.11.25.gemspec
I, [2014-01-14T13:47:14.892603 #20958]  INFO -- : 0:  ruby-debug19 (0.11.6) from /home/adminuser/.rvm/gems/ruby-1.9.3-p484@rag3/specifications/ruby-debug19-0.11.6.gemspec
I, [2014-01-14T13:47:15.729085 #20958]  INFO -- : 0:  sass (3.2.12) from /home/adminuser/.rvm/gems/ruby-1.9.3-p484@rag3/specifications/sass-3.2.12.gemspec
I, [2014-01-14T13:47:16.269344 #20958]  INFO -- : 0:  sass-rails (3.2.6) from /home/adminuser/.rvm/gems/ruby-1.9.3-p484@rag3/specifications/sass-rails-3.2.6.gemspec
I, [2014-01-14T13:47:18.426846 #20958]  INFO -- : 0:  sqlite3 (1.3.8) from /home/adminuser/.rvm/gems/ruby-1.9.3-p484@rag3/specifications/sqlite3-1.3.8.gemspec
I, [2014-01-14T13:47:31.563342 #20958]  INFO -- : 0:  therubyracer (0.12.0) from /home/adminuser/.rvm/gems/ruby-1.9.3-p484@rag3/specifications/therubyracer-0.12.0.gemspec
I, [2014-01-14T13:47:31.907413 #20958]  INFO -- : 0:  uglifier (2.2.1) from /home/adminuser/.rvm/gems/ruby-1.9.3-p484@rag3/specifications/uglifier-2.2.1.gemspec
I, [2014-01-14T13:49:13.143542 #4434]  INFO -- : 0:  rake (10.1.0) from /home/adminuser/.rvm/gems/ruby-1.9.3-p484@rag3/specifications/rake-10.1.0.gemspec
I, [2014-01-14T13:49:13.144037 #4434]  INFO -- : 0:  i18n (0.6.5) from /home/adminuser/.rvm/gems/ruby-1.9.3-p484@rag3/specifications/i18n-0.6.5.gemspec
I, [2014-01-14T13:49:13.144360 #4434]  INFO -- : 0:  multi_json (1.8.1) from /home/adminuser/.rvm/gems/ruby-1.9.3-p484@rag3/specifications/multi_json-1.8.1.gemspec
I, [2014-01-14T13:49:13.144700 #4434]  INFO -- : 0:  activesupport (3.2.14) from /home/adminuser/.rvm/gems/ruby-1.9.3-p484@rag3/specifications/activesupport-3.2.14.gemspec
I, [2014-01-14T13:49:13.145034 #4434]  INFO -- : 0:  builder (3.0.4) from /home/adminuser/.rvm/gems/ruby-1.9.3-p484@rag3/specifications/builder-3.0.4.gemspec
I, [2014-01-14T13:49:13.145346 #4434]  INFO -- : 0:  activemodel (3.2.14) from /home/adminuser/.rvm/gems/ruby-1.9.3-p484@rag3/specifications/activemodel-3.2.14.gemspec
I, [2014-01-14T13:49:13.145802 #4434]  INFO -- : 0:  erubis (2.7.0) from /home/adminuser/.rvm/gems/ruby-1.9.3-p484@rag3/specifications/erubis-2.7.0.gemspec
I, [2014-01-14T13:49:13.146163 #4434]  INFO -- : 0:  journey (1.0.4) from /home/adminuser/.rvm/gems/ruby-1.9.3-p484@rag3/specifications/journey-1.0.4.gemspec
I, [2014-01-14T13:49:13.146582 #4434]  INFO -- : 0:  rack (1.4.5) from /home/adminuser/.rvm/gems/ruby-1.9.3-p484@rag3/specifications/rack-1.4.5.gemspec
I, [2014-01-14T13:49:13.146952 #4434]  INFO -- : 0:  rack-cache (1.2) from /home/adminuser/.rvm/gems/ruby-1.9.3-p484@rag3/specifications/rack-cache-1.2.gemspec
I, [2014-01-14T13:49:13.147262 #4434]  INFO -- : 0:  rack-test (0.6.2) from /home/adminuser/.rvm/gems/ruby-1.9.3-p484@rag3/specifications/rack-test-0.6.2.gemspec
I, [2014-01-14T13:49:13.147569 #4434]  INFO -- : 0:  hike (1.2.3) from /home/adminuser/.rvm/gems/ruby-1.9.3-p484@rag3/specifications/hike-1.2.3.gemspec
I, [2014-01-14T13:49:13.147855 #4434]  INFO -- : 0:  tilt (1.4.1) from /home/adminuser/.rvm/gems/ruby-1.9.3-p484@rag3/specifications/tilt-1.4.1.gemspec
I, [2014-01-14T13:49:13.148171 #4434]  INFO -- : 0:  sprockets (2.2.2) from /home/adminuser/.rvm/gems/ruby-1.9.3-p484@rag3/specifications/sprockets-2.2.2.gemspec
I, [2014-01-14T13:49:13.148461 #4434]  INFO -- : 0:  actionpack (3.2.14) from /home/adminuser/.rvm/gems/ruby-1.9.3-p484@rag3/specifications/actionpack-3.2.14.gemspec
I, [2014-01-14T13:49:13.148755 #4434]  INFO -- : 0:  mime-types (1.25) from /home/adminuser/.rvm/gems/ruby-1.9.3-p484@rag3/specifications/mime-types-1.25.gemspec
I, [2014-01-14T13:49:13.149063 #4434]  INFO -- : 0:  polyglot (0.3.3) from /home/adminuser/.rvm/gems/ruby-1.9.3-p484@rag3/specifications/polyglot-0.3.3.gemspec
I, [2014-01-14T13:49:13.149354 #4434]  INFO -- : 0:  treetop (1.4.15) from /home/adminuser/.rvm/gems/ruby-1.9.3-p484@rag3/specifications/treetop-1.4.15.gemspec
I, [2014-01-14T13:49:13.149734 #4434]  INFO -- : 0:  mail (2.5.4) from /home/adminuser/.rvm/gems/ruby-1.9.3-p484@rag3/specifications/mail-2.5.4.gemspec
I, [2014-01-14T13:49:13.150128 #4434]  INFO -- : 0:  actionmailer (3.2.14) from /home/adminuser/.rvm/gems/ruby-1.9.3-p484@rag3/specifications/actionmailer-3.2.14.gemspec
I, [2014-01-14T13:49:13.150507 #4434]  INFO -- : 0:  arel (3.0.2) from /home/adminuser/.rvm/gems/ruby-1.9.3-p484@rag3/specifications/arel-3.0.2.gemspec
I, [2014-01-14T13:49:13.150806 #4434]  INFO -- : 0:  tzinfo (0.3.37) from /home/adminuser/.rvm/gems/ruby-1.9.3-p484@rag3/specifications/tzinfo-0.3.37.gemspec
I, [2014-01-14T13:49:13.151185 #4434]  INFO -- : 0:  activerecord (3.2.14) from /home/adminuser/.rvm/gems/ruby-1.9.3-p484@rag3/specifications/activerecord-3.2.14.gemspec
I, [2014-01-14T13:49:13.151522 #4434]  INFO -- : 0:  activeresource (3.2.14) from /home/adminuser/.rvm/gems/ruby-1.9.3-p484@rag3/specifications/activeresource-3.2.14.gemspec
I, [2014-01-14T13:49:13.151821 #4434]  INFO -- : 0:  addressable (2.3.5) from /home/adminuser/.rvm/gems/ruby-1.9.3-p484@rag3/specifications/addressable-2.3.5.gemspec
I, [2014-01-14T13:49:13.152114 #4434]  INFO -- : 0:  archive-tar-minitar (0.5.2) from /home/adminuser/.rvm/gems/ruby-1.9.3-p484@rag3/specifications/archive-tar-minitar-0.5.2.gemspec
I, [2014-01-14T13:49:13.152375 #4434]  INFO -- : 0:  mini_portile (0.5.1) from /home/adminuser/.rvm/gems/ruby-1.9.3-p484@rag3/specifications/mini_portile-0.5.1.gemspec
I, [2014-01-14T13:49:13.152711 #4434]  INFO -- : 0:  nokogiri (1.6.0) from /home/adminuser/.rvm/gems/ruby-1.9.3-p484@rag3/specifications/nokogiri-1.6.0.gemspec
I, [2014-01-14T13:49:13.153126 #4434]  INFO -- : 0:  xpath (2.0.0) from /home/adminuser/.rvm/gems/ruby-1.9.3-p484@rag3/specifications/xpath-2.0.0.gemspec
I, [2014-01-14T13:49:13.153384 #4434]  INFO -- : 0:  capybara (2.1.0) from /home/adminuser/.rvm/gems/ruby-1.9.3-p484@rag3/specifications/capybara-2.1.0.gemspec
I, [2014-01-14T13:49:13.153720 #4434]  INFO -- : 0:  coffee-script-source (1.6.3) from /home/adminuser/.rvm/gems/ruby-1.9.3-p484@rag3/specifications/coffee-script-source-1.6.3.gemspec
I, [2014-01-14T13:49:13.154001 #4434]  INFO -- : 0:  execjs (2.0.2) from /home/adminuser/.rvm/gems/ruby-1.9.3-p484@rag3/specifications/execjs-2.0.2.gemspec
I, [2014-01-14T13:49:13.154297 #4434]  INFO -- : 0:  coffee-script (2.2.0) from /home/adminuser/.rvm/gems/ruby-1.9.3-p484@rag3/specifications/coffee-script-2.2.0.gemspec
I, [2014-01-14T13:49:13.154632 #4434]  INFO -- : 0:  rack-ssl (1.3.3) from /home/adminuser/.rvm/gems/ruby-1.9.3-p484@rag3/specifications/rack-ssl-1.3.3.gemspec
I, [2014-01-14T13:49:13.154949 #4434]  INFO -- : 0:  json (1.8.0) from /home/adminuser/.rvm/gems/ruby-1.9.3-p484@rag3/specifications/json-1.8.0.gemspec
I, [2014-01-14T13:49:13.155201 #4434]  INFO -- : 0:  rdoc (3.12.2) from /home/adminuser/.rvm/gems/ruby-1.9.3-p484@rag3/specifications/rdoc-3.12.2.gemspec
I, [2014-01-14T13:49:13.155463 #4434]  INFO -- : 0:  thor (0.18.1) from /home/adminuser/.rvm/gems/ruby-1.9.3-p484@rag3/specifications/thor-0.18.1.gemspec
I, [2014-01-14T13:49:13.155710 #4434]  INFO -- : 0:  railties (3.2.14) from /home/adminuser/.rvm/gems/ruby-1.9.3-p484@rag3/specifications/railties-3.2.14.gemspec
I, [2014-01-14T13:49:13.156000 #4434]  INFO -- : 0:  coffee-rails (3.2.2) from /home/adminuser/.rvm/gems/ruby-1.9.3-p484@rag3/specifications/coffee-rails-3.2.2.gemspec
I, [2014-01-14T13:49:13.156280 #4434]  INFO -- : 0:  columnize (0.3.6) from /home/adminuser/.rvm/gems/ruby-1.9.3-p484@rag3/specifications/columnize-0.3.6.gemspec
I, [2014-01-14T13:49:13.156626 #4434]  INFO -- : 0:  diff-lcs (1.2.4) from /home/adminuser/.rvm/gems/ruby-1.9.3-p484@rag3/specifications/diff-lcs-1.2.4.gemspec
I, [2014-01-14T13:49:13.156981 #4434]  INFO -- : 0:  gherkin (2.12.1) from /home/adminuser/.rvm/gems/ruby-1.9.3-p484@rag3/specifications/gherkin-2.12.1.gemspec
I, [2014-01-14T13:49:13.157227 #4434]  INFO -- : 0:  multi_test (0.0.2) from /home/adminuser/.rvm/gems/ruby-1.9.3-p484@rag3/specifications/multi_test-0.0.2.gemspec
I, [2014-01-14T13:49:13.157639 #4434]  INFO -- : 0:  cucumber (1.3.8) from /home/adminuser/.rvm/gems/ruby-1.9.3-p484@rag3/specifications/cucumber-1.3.8.gemspec
I, [2014-01-14T13:49:13.157854 #4434]  INFO -- : 0:  bundler (1.5.1) from /home/adminuser/.rvm/gems/ruby-1.9.3-p484@global/specifications/bundler-1.5.1.gemspec
I, [2014-01-14T13:49:13.158119 #4434]  INFO -- : 0:  rails (3.2.14) from /home/adminuser/.rvm/gems/ruby-1.9.3-p484@rag3/specifications/rails-3.2.14.gemspec
I, [2014-01-14T13:49:13.158410 #4434]  INFO -- : 0:  cucumber-rails (1.4.0) from /home/adminuser/.rvm/gems/ruby-1.9.3-p484@rag3/specifications/cucumber-rails-1.4.0.gemspec
I, [2014-01-14T13:49:13.158667 #4434]  INFO -- : 0:  cucumber-rails-training-wheels (1.0.0) from /home/adminuser/.rvm/gems/ruby-1.9.3-p484@rag3/specifications/cucumber-rails-training-wheels-1.0.0.gemspec
I, [2014-01-14T13:49:13.158960 #4434]  INFO -- : 0:  database_cleaner (1.1.1) from /home/adminuser/.rvm/gems/ruby-1.9.3-p484@rag3/specifications/database_cleaner-1.1.1.gemspec
I, [2014-01-14T13:49:13.159209 #4434]  INFO -- : 0:  haml (4.0.3) from /home/adminuser/.rvm/gems/ruby-1.9.3-p484@rag3/specifications/haml-4.0.3.gemspec
I, [2014-01-14T13:49:13.159492 #4434]  INFO -- : 0:  jquery-rails (3.0.4) from /home/adminuser/.rvm/gems/ruby-1.9.3-p484@rag3/specifications/jquery-rails-3.0.4.gemspec
I, [2014-01-14T13:49:13.159744 #4434]  INFO -- : 0:  launchy (2.3.0) from /home/adminuser/.rvm/gems/ruby-1.9.3-p484@rag3/specifications/launchy-2.3.0.gemspec
I, [2014-01-14T13:49:13.160063 #4434]  INFO -- : 0:  libv8 (3.16.14.3) from /home/adminuser/.rvm/gems/ruby-1.9.3-p484@rag3/specifications/libv8-3.16.14.3-x86_64-linux.gemspec
I, [2014-01-14T13:49:13.160343 #4434]  INFO -- : 0:  ruby_core_source (0.1.5) from /home/adminuser/.rvm/gems/ruby-1.9.3-p484@rag3/specifications/ruby_core_source-0.1.5.gemspec
I, [2014-01-14T13:49:13.160593 #4434]  INFO -- : 0:  linecache19 (0.5.12) from /home/adminuser/.rvm/gems/ruby-1.9.3-p484@rag3/specifications/linecache19-0.5.12.gemspec
I, [2014-01-14T13:49:13.160879 #4434]  INFO -- : 0:  ref (1.0.5) from /home/adminuser/.rvm/gems/ruby-1.9.3-p484@rag3/specifications/ref-1.0.5.gemspec
I, [2014-01-14T13:49:13.161139 #4434]  INFO -- : 0:  rspec-core (2.14.5) from /home/adminuser/.rvm/gems/ruby-1.9.3-p484@rag3/specifications/rspec-core-2.14.5.gemspec
I, [2014-01-14T13:49:13.161533 #4434]  INFO -- : 0:  rspec-expectations (2.14.3) from /home/adminuser/.rvm/gems/ruby-1.9.3-p484@rag3/specifications/rspec-expectations-2.14.3.gemspec
I, [2014-01-14T13:49:13.161805 #4434]  INFO -- : 0:  rspec-mocks (2.14.3) from /home/adminuser/.rvm/gems/ruby-1.9.3-p484@rag3/specifications/rspec-mocks-2.14.3.gemspec
I, [2014-01-14T13:49:13.162113 #4434]  INFO -- : 0:  rspec-rails (2.14.0) from /home/adminuser/.rvm/gems/ruby-1.9.3-p484@rag3/specifications/rspec-rails-2.14.0.gemspec
I, [2014-01-14T13:49:13.162381 #4434]  INFO -- : 0:  ruby-debug-base19 (0.11.25) from /home/adminuser/.rvm/gems/ruby-1.9.3-p484@rag3/specifications/ruby-debug-base19-0.11.25.gemspec
I, [2014-01-14T13:49:13.162631 #4434]  INFO -- : 0:  ruby-debug19 (0.11.6) from /home/adminuser/.rvm/gems/ruby-1.9.3-p484@rag3/specifications/ruby-debug19-0.11.6.gemspec
I, [2014-01-14T13:49:13.162919 #4434]  INFO -- : 0:  sass (3.2.12) from /home/adminuser/.rvm/gems/ruby-1.9.3-p484@rag3/specifications/sass-3.2.12.gemspec
I, [2014-01-14T13:49:13.163162 #4434]  INFO -- : 0:  sass-rails (3.2.6) from /home/adminuser/.rvm/gems/ruby-1.9.3-p484@rag3/specifications/sass-rails-3.2.6.gemspec
I, [2014-01-14T13:49:13.163436 #4434]  INFO -- : 0:  sqlite3 (1.3.8) from /home/adminuser/.rvm/gems/ruby-1.9.3-p484@rag3/specifications/sqlite3-1.3.8.gemspec
I, [2014-01-14T13:49:13.163677 #4434]  INFO -- : 0:  therubyracer (0.12.0) from /home/adminuser/.rvm/gems/ruby-1.9.3-p484@rag3/specifications/therubyracer-0.12.0.gemspec
I, [2014-01-14T13:49:13.163953 #4434]  INFO -- : 0:  uglifier (2.2.1) from /home/adminuser/.rvm/gems/ruby-1.9.3-p484@rag3/specifications/uglifier-2.2.1.gemspec
